<?xml version="1.0" encoding="UTF-8"?>
<testng-results skipped="0" failed="1" ignored="0" total="5" passed="4">
  <reporter-output>
  </reporter-output>
  <suite name="Default suite" duration-ms="31189" started-at="2021-03-23T06:27:23Z" finished-at="2021-03-23T06:27:54Z">
    <groups>
    </groups>
    <test name="Default test" duration-ms="31189" started-at="2021-03-23T06:27:23Z" finished-at="2021-03-23T06:27:54Z">
      <class name="org.testng.test.TestNgAdactinHotel">
        <test-method status="PASS" signature="beforeClass()[pri:0, instance:org.testng.test.TestNgAdactinHotel@19c5f1a]" name="beforeClass" is-config="true" duration-ms="4951" started-at="2021-03-23T06:27:23Z" finished-at="2021-03-23T06:27:28Z">
          <reporter-output>
          </reporter-output>
        </test-method> <!-- beforeClass -->
        <test-method status="PASS" signature="before()[pri:0, instance:org.testng.test.TestNgAdactinHotel@19c5f1a]" name="before" is-config="true" duration-ms="9" started-at="2021-03-23T06:27:28Z" finished-at="2021-03-23T06:27:28Z">
          <reporter-output>
          </reporter-output>
        </test-method> <!-- before -->
        <test-method status="FAIL" signature="test1()[pri:0, instance:org.testng.test.TestNgAdactinHotel@19c5f1a]" name="test1" duration-ms="10623" started-at="2021-03-23T06:27:28Z" finished-at="2021-03-23T06:27:38Z">
          <exception class="java.lang.AssertionError">
            <message>
              <![CDATA[The following asserts failed:
verify paassword expected [1234567890] but found [123456789]]]>
            </message>
            <full-stacktrace>
              <![CDATA[java.lang.AssertionError: The following asserts failed:
verify paassword expected [1234567890] but found [123456789]
at org.testng.asserts.SoftAssert.assertAll(SoftAssert.java:43)
at org.testng.test.TestNgAdactinHotel.test1(TestNgAdactinHotel.java:36)
at sun.reflect.NativeMethodAccessorImpl.invoke0(Native Method)
at sun.reflect.NativeMethodAccessorImpl.invoke(NativeMethodAccessorImpl.java:62)
at sun.reflect.DelegatingMethodAccessorImpl.invoke(DelegatingMethodAccessorImpl.java:43)
at java.lang.reflect.Method.invoke(Method.java:498)
at org.testng.internal.MethodInvocationHelper.invokeMethod(MethodInvocationHelper.java:124)
at org.testng.internal.Invoker.invokeMethod(Invoker.java:583)
at org.testng.internal.Invoker.invokeTestMethod(Invoker.java:719)
at org.testng.internal.Invoker.invokeTestMethods(Invoker.java:989)
at org.testng.internal.TestMethodWorker.invokeTestMethods(TestMethodWorker.java:125)
at org.testng.internal.TestMethodWorker.run(TestMethodWorker.java:109)
at org.testng.TestRunner.privateRun(TestRunner.java:648)
at org.testng.TestRunner.run(TestRunner.java:505)
at org.testng.SuiteRunner.runTest(SuiteRunner.java:455)
at org.testng.SuiteRunner.runSequentially(SuiteRunner.java:450)
at org.testng.SuiteRunner.privateRun(SuiteRunner.java:415)
at org.testng.SuiteRunner.run(SuiteRunner.java:364)
at org.testng.SuiteRunnerWorker.runSuite(SuiteRunnerWorker.java:52)
at org.testng.SuiteRunnerWorker.run(SuiteRunnerWorker.java:84)
at org.testng.TestNG.runSuitesSequentially(TestNG.java:1208)
at org.testng.TestNG.runSuitesLocally(TestNG.java:1137)
at org.testng.TestNG.runSuites(TestNG.java:1049)
at org.testng.TestNG.run(TestNG.java:1017)
at org.testng.remote.AbstractRemoteTestNG.run(AbstractRemoteTestNG.java:115)
at org.testng.remote.RemoteTestNG.initAndRun(RemoteTestNG.java:251)
at org.testng.remote.RemoteTestNG.main(RemoteTestNG.java:77)
]]>
            </full-stacktrace>
          </exception> <!-- java.lang.AssertionError -->
          <reporter-output>
          </reporter-output>
        </test-method> <!-- test1 -->
        <test-method status="PASS" signature="after()[pri:0, instance:org.testng.test.TestNgAdactinHotel@19c5f1a]" name="after" is-config="true" duration-ms="1" started-at="2021-03-23T06:27:38Z" finished-at="2021-03-23T06:27:38Z">
          <reporter-output>
          </reporter-output>
        </test-method> <!-- after -->
        <test-method status="PASS" signature="before()[pri:0, instance:org.testng.test.TestNgAdactinHotel@19c5f1a]" name="before" is-config="true" duration-ms="1" started-at="2021-03-23T06:27:38Z" finished-at="2021-03-23T06:27:38Z">
          <reporter-output>
          </reporter-output>
        </test-method> <!-- before -->
        <test-method status="PASS" signature="test2()[pri:0, instance:org.testng.test.TestNgAdactinHotel@19c5f1a]" name="test2" duration-ms="2694" started-at="2021-03-23T06:27:38Z" finished-at="2021-03-23T06:27:41Z">
          <reporter-output>
          </reporter-output>
        </test-method> <!-- test2 -->
        <test-method status="PASS" signature="after()[pri:0, instance:org.testng.test.TestNgAdactinHotel@19c5f1a]" name="after" is-config="true" duration-ms="0" started-at="2021-03-23T06:27:41Z" finished-at="2021-03-23T06:27:41Z">
          <reporter-output>
          </reporter-output>
        </test-method> <!-- after -->
        <test-method status="PASS" signature="test3()[pri:0, instance:org.testng.test.TestNgAdactinHotel@19c5f1a]" name="test3" duration-ms="1190" started-at="2021-03-23T06:27:41Z" finished-at="2021-03-23T06:27:42Z">
          <reporter-output>
          </reporter-output>
        </test-method> <!-- test3 -->
        <test-method status="PASS" signature="before()[pri:0, instance:org.testng.test.TestNgAdactinHotel@19c5f1a]" name="before" is-config="true" duration-ms="0" started-at="2021-03-23T06:27:41Z" finished-at="2021-03-23T06:27:41Z">
          <reporter-output>
          </reporter-output>
        </test-method> <!-- before -->
        <test-method status="PASS" signature="after()[pri:0, instance:org.testng.test.TestNgAdactinHotel@19c5f1a]" name="after" is-config="true" duration-ms="1" started-at="2021-03-23T06:27:42Z" finished-at="2021-03-23T06:27:42Z">
          <reporter-output>
          </reporter-output>
        </test-method> <!-- after -->
        <test-method status="PASS" signature="before()[pri:0, instance:org.testng.test.TestNgAdactinHotel@19c5f1a]" name="before" is-config="true" duration-ms="2" started-at="2021-03-23T06:27:42Z" finished-at="2021-03-23T06:27:42Z">
          <reporter-output>
          </reporter-output>
        </test-method> <!-- before -->
        <test-method status="PASS" signature="test4()[pri:0, instance:org.testng.test.TestNgAdactinHotel@19c5f1a]" name="test4" duration-ms="1601" started-at="2021-03-23T06:27:42Z" finished-at="2021-03-23T06:27:44Z">
          <reporter-output>
          </reporter-output>
        </test-method> <!-- test4 -->
        <test-method status="PASS" signature="after()[pri:0, instance:org.testng.test.TestNgAdactinHotel@19c5f1a]" name="after" is-config="true" duration-ms="1" started-at="2021-03-23T06:27:44Z" finished-at="2021-03-23T06:27:44Z">
          <reporter-output>
          </reporter-output>
        </test-method> <!-- after -->
        <test-method status="PASS" signature="test5()[pri:0, instance:org.testng.test.TestNgAdactinHotel@19c5f1a]" name="test5" duration-ms="10042" started-at="2021-03-23T06:27:44Z" finished-at="2021-03-23T06:27:54Z">
          <reporter-output>
          </reporter-output>
        </test-method> <!-- test5 -->
        <test-method status="PASS" signature="before()[pri:0, instance:org.testng.test.TestNgAdactinHotel@19c5f1a]" name="before" is-config="true" duration-ms="0" started-at="2021-03-23T06:27:44Z" finished-at="2021-03-23T06:27:44Z">
          <reporter-output>
          </reporter-output>
        </test-method> <!-- before -->
        <test-method status="PASS" signature="after()[pri:0, instance:org.testng.test.TestNgAdactinHotel@19c5f1a]" name="after" is-config="true" duration-ms="0" started-at="2021-03-23T06:27:54Z" finished-at="2021-03-23T06:27:54Z">
          <reporter-output>
          </reporter-output>
        </test-method> <!-- after -->
        <test-method status="PASS" signature="afterClass()[pri:0, instance:org.testng.test.TestNgAdactinHotel@19c5f1a]" name="afterClass" is-config="true" duration-ms="0" started-at="2021-03-23T06:27:54Z" finished-at="2021-03-23T06:27:54Z">
          <reporter-output>
          </reporter-output>
        </test-method> <!-- afterClass -->
      </class> <!-- org.testng.test.TestNgAdactinHotel -->
    </test> <!-- Default test -->
  </suite> <!-- Default suite -->
</testng-results>
